2024-07-09 16:48:51 error: uncaughtException: metadataRouter is not defined
ReferenceError: metadataRouter is not defined
    at file:///D:/estatus/Backend/src/app.js:31:19
    at ModuleJob.run (node:internal/modules/esm/module_job:218:25)
    at async ModuleLoader.import (node:internal/modules/esm/loader:329:24)
    at async loadESM (node:internal/process/esm_loader:34:7)
    at async handleMainPromise (node:internal/modules/run_main:113:12)
2024-07-09 16:48:59 error: uncaughtException: metadataRouter is not defined
ReferenceError: metadataRouter is not defined
    at file:///D:/estatus/Backend/src/app.js:31:19
    at ModuleJob.run (node:internal/modules/esm/module_job:218:25)
    at async ModuleLoader.import (node:internal/modules/esm/loader:329:24)
    at async loadESM (node:internal/process/esm_loader:34:7)
    at async handleMainPromise (node:internal/modules/run_main:113:12)
2024-07-09 16:49:08 error: uncaughtException: metadataRouter is not defined
ReferenceError: metadataRouter is not defined
    at file:///D:/estatus/Backend/src/app.js:31:19
    at ModuleJob.run (node:internal/modules/esm/module_job:218:25)
    at async ModuleLoader.import (node:internal/modules/esm/loader:329:24)
    at async loadESM (node:internal/process/esm_loader:34:7)
    at async handleMainPromise (node:internal/modules/run_main:113:12)
2024-07-09 16:49:37 error: uncaughtException: metadataRouter is not defined
ReferenceError: metadataRouter is not defined
    at file:///D:/estatus/Backend/src/app.js:31:19
    at ModuleJob.run (node:internal/modules/esm/module_job:218:25)
    at async ModuleLoader.import (node:internal/modules/esm/loader:329:24)
    at async loadESM (node:internal/process/esm_loader:34:7)
    at async handleMainPromise (node:internal/modules/run_main:113:12)
2024-07-09 16:50:02 error: uncaughtException: metadataRouter is not defined
ReferenceError: metadataRouter is not defined
    at file:///D:/estatus/Backend/src/app.js:31:19
    at ModuleJob.run (node:internal/modules/esm/module_job:218:25)
    at async ModuleLoader.import (node:internal/modules/esm/loader:329:24)
    at async loadESM (node:internal/process/esm_loader:34:7)
    at async handleMainPromise (node:internal/modules/run_main:113:12)
2024-07-09 16:50:54 error: uncaughtException: metadataRouter is not defined
ReferenceError: metadataRouter is not defined
    at file:///D:/estatus/Backend/src/app.js:31:19
    at ModuleJob.run (node:internal/modules/esm/module_job:218:25)
    at async ModuleLoader.import (node:internal/modules/esm/loader:329:24)
    at async loadESM (node:internal/process/esm_loader:34:7)
    at async handleMainPromise (node:internal/modules/run_main:113:12)
