2024-07-10 05:57:49 info: =================================
2024-07-10 05:57:49 info: ======= ENV: development =======
2024-07-10 05:57:49 info: 🚀 App listening on the port 4444
2024-07-10 05:57:49 info: =================================
2024-07-10 06:25:42 info: =================================
2024-07-10 06:25:42 info: ======= ENV: development =======
2024-07-10 06:25:42 info: 🚀 App listening on the port 4444
2024-07-10 06:25:42 info: =================================
2024-07-10 07:03:45 info: =================================
2024-07-10 07:03:45 info: ======= ENV: development =======
2024-07-10 07:03:45 info: 🚀 App listening on the port 4444
2024-07-10 07:03:45 info: =================================
2024-07-10 07:08:22 info: =================================
2024-07-10 07:08:22 info: ======= ENV: development =======
2024-07-10 07:08:22 info: 🚀 App listening on the port 5000
2024-07-10 07:08:22 info: =================================
2024-07-10 07:08:31 info: [0mGET /api-docs [36m301[0m 5.886 ms - 183[0m
2024-07-10 07:08:31 info: [0mGET /api-docs/ [32m200[0m 3.126 ms - -[0m
2024-07-10 07:08:31 info: [0mGET /api-docs/swagger-ui-init.js [32m200[0m 1.734 ms - -[0m
2024-07-10 07:08:31 info: [0mGET /api-docs/swagger-ui.css [32m200[0m 13.008 ms - -[0m
2024-07-10 07:08:31 info: [0mGET /api-docs/swagger-ui-standalone-preset.js [32m200[0m 8.146 ms - -[0m
2024-07-10 07:08:31 info: [0mGET /api-docs/swagger-ui-bundle.js [32m200[0m 11.060 ms - -[0m
2024-07-10 07:08:32 info: [0mGET /api-docs/favicon-32x32.png [32m200[0m 2.295 ms - 628[0m
2024-07-10 07:08:32 info: [0mGET /api-docs/ [36m304[0m 0.961 ms - -[0m
2024-07-10 07:08:36 info: [0mGET /api-docs/favicon-32x32.png [36m304[0m 1.180 ms - -[0m
2024-07-10 07:08:42 info: [0mGET /api-docs/favicon-32x32.png [36m304[0m 1.719 ms - -[0m
2024-07-10 07:08:44 info: [0mGET /api-docs/favicon-32x32.png [36m304[0m 0.721 ms - -[0m
2024-07-10 07:32:37 info: [0mGET /api-docs/swagger-ui-init.js [36m304[0m 8.577 ms - -[0m
2024-07-10 07:32:37 info: [0mGET /api-docs/swagger-ui.css [36m304[0m 27.587 ms - -[0m
2024-07-10 07:32:37 info: [0mGET /api-docs/swagger-ui-bundle.js [36m304[0m 22.864 ms - -[0m
2024-07-10 07:32:37 info: [0mGET /api-docs/swagger-ui-standalone-preset.js [36m304[0m 22.462 ms - -[0m
2024-07-10 07:32:37 info: [0mGET /api-docs/favicon-32x32.png [36m304[0m 9.149 ms - -[0m
2024-07-10 07:32:38 info: [0mGET /api-docs/ [36m304[0m 4.197 ms - -[0m
2024-07-10 07:32:40 info: [0mGET /api-docs/favicon-32x32.png [36m304[0m 1.173 ms - -[0m
2024-07-10 07:33:25 info: [0mGET /api-docs/ [36m304[0m 1.259 ms - -[0m
2024-07-10 07:33:25 info: [0mGET /api-docs/swagger-ui-init.js [36m304[0m 3.619 ms - -[0m
2024-07-10 07:33:25 info: [0mGET /api-docs/swagger-ui.css [36m304[0m 8.197 ms - -[0m
2024-07-10 07:33:25 info: [0mGET /api-docs/swagger-ui-bundle.js [36m304[0m 8.042 ms - -[0m
2024-07-10 07:33:25 info: [0mGET /api-docs/swagger-ui-standalone-preset.js [36m304[0m 8.101 ms - -[0m
2024-07-10 07:33:25 info: [0mGET /api-docs/favicon-32x32.png [36m304[0m 0.695 ms - -[0m
2024-07-10 07:33:25 info: [0mGET /api-docs/ [36m304[0m 0.882 ms - -[0m
2024-07-10 07:33:50 info: [0mGET /api-docs/swagger-ui.css [36m304[0m 0.521 ms - -[0m
2024-07-10 07:33:51 info: [0mGET /api-docs/swagger-ui.css.map [32m200[0m 6.824 ms - -[0m
2024-07-10 07:33:54 info: [0mGET /api-docs/ [36m304[0m 0.868 ms - -[0m
2024-07-10 07:33:54 info: [0mGET /api-docs/swagger-ui.css [36m304[0m 0.841 ms - -[0m
2024-07-10 07:33:54 info: [0mGET /api-docs/swagger-ui-init.js [36m304[0m 0.569 ms - -[0m
2024-07-10 07:33:54 info: [0mGET /api-docs/swagger-ui-bundle.js [36m304[0m 2.959 ms - -[0m
2024-07-10 07:33:54 info: [0mGET /api-docs/swagger-ui-standalone-preset.js [36m304[0m 3.398 ms - -[0m
2024-07-10 07:33:54 info: [0mGET /api-docs/swagger-ui.css.map [36m304[0m 0.778 ms - -[0m
2024-07-10 07:33:54 info: [0mGET /api-docs/favicon-32x32.png [36m304[0m 0.892 ms - -[0m
2024-07-10 07:33:54 info: [0mGET /api-docs/ [36m304[0m 0.728 ms - -[0m
2024-07-10 07:34:18 info: [0mGET /api-docs/favicon-32x32.png [36m304[0m 0.683 ms - -[0m
2024-07-10 07:34:20 info: [0mGET /users [33m404[0m 6.439 ms - 144[0m
2024-07-10 07:39:39 info: =================================
2024-07-10 07:39:39 info: ======= ENV: development =======
2024-07-10 07:39:39 info: 🚀 App listening on the port 5000
2024-07-10 07:39:39 info: =================================
2024-07-10 07:39:56 info: [0mGET /api-docs/ [36m304[0m 5.834 ms - -[0m
2024-07-10 07:39:56 info: [0mGET /api-docs/swagger-ui-init.js [36m304[0m 0.688 ms - -[0m
2024-07-10 07:39:56 info: [0mGET /api-docs/swagger-ui.css [36m304[0m 5.400 ms - -[0m
2024-07-10 07:39:56 info: [0mGET /api-docs/swagger-ui-bundle.js [36m304[0m 5.359 ms - -[0m
2024-07-10 07:39:56 info: [0mGET /api-docs/swagger-ui-standalone-preset.js [36m304[0m 6.258 ms - -[0m
2024-07-10 07:39:56 info: [0mGET /api-docs/swagger-ui.css.map [36m304[0m 0.624 ms - -[0m
2024-07-10 07:39:56 info: [0mGET /api-docs/favicon-32x32.png [36m304[0m 0.944 ms - -[0m
2024-07-10 07:39:56 info: [0mGET /api-docs/ [36m304[0m 0.704 ms - -[0m
2024-07-10 07:40:00 info: [0mGET /api-docs/favicon-32x32.png [36m304[0m 1.334 ms - -[0m
2024-07-10 07:40:19 info: =================================
2024-07-10 07:40:19 info: ======= ENV: development =======
2024-07-10 07:40:19 info: 🚀 App listening on the port 5000
2024-07-10 07:40:19 info: =================================
2024-07-10 07:40:23 info: [0mGET /api-docs/ [36m304[0m 7.639 ms - -[0m
2024-07-10 07:40:23 info: [0mGET /api-docs/swagger-ui-init.js [36m304[0m 1.649 ms - -[0m
2024-07-10 07:40:23 info: [0mGET /api-docs/swagger-ui.css [36m304[0m 10.807 ms - -[0m
2024-07-10 07:40:23 info: [0mGET /api-docs/swagger-ui-bundle.js [36m304[0m 11.201 ms - -[0m
2024-07-10 07:40:23 info: [0mGET /api-docs/swagger-ui-standalone-preset.js [36m304[0m 12.273 ms - -[0m
2024-07-10 07:40:23 info: [0mGET /api-docs/swagger-ui.css.map [36m304[0m 1.007 ms - -[0m
2024-07-10 07:40:23 info: [0mGET /api-docs/favicon-32x32.png [36m304[0m 2.326 ms - -[0m
2024-07-10 07:40:23 info: [0mGET /api-docs/ [36m304[0m 1.321 ms - -[0m
2024-07-10 07:41:53 info: =================================
2024-07-10 07:41:53 info: ======= ENV: development =======
2024-07-10 07:41:53 info: 🚀 App listening on the port 5000
2024-07-10 07:41:53 info: =================================
2024-07-10 07:42:00 info: =================================
2024-07-10 07:42:00 info: ======= ENV: development =======
2024-07-10 07:42:00 info: 🚀 App listening on the port 5000
2024-07-10 07:42:00 info: =================================
2024-07-10 07:42:27 info: [0mGET /api-docs/ [36m304[0m 4.309 ms - -[0m
2024-07-10 07:42:27 info: [0mGET /api-docs/swagger-ui.css [36m304[0m 9.805 ms - -[0m
2024-07-10 07:42:27 info: [0mGET /api-docs/swagger-ui-standalone-preset.js [36m304[0m 6.112 ms - -[0m
2024-07-10 07:42:27 info: [0mGET /api-docs/swagger-ui-bundle.js [36m304[0m 10.307 ms - -[0m
2024-07-10 07:42:27 info: [0mGET /api-docs/swagger-ui-init.js [32m200[0m 2.241 ms - -[0m
2024-07-10 07:42:27 info: [0mGET /api-docs/swagger-ui.css.map [36m304[0m 1.138 ms - -[0m
2024-07-10 07:42:27 info: [0mGET /api-docs/favicon-32x32.png [36m304[0m 1.399 ms - -[0m
2024-07-10 07:42:27 info: [0mGET /api-docs/ [36m304[0m 0.793 ms - -[0m
2024-07-10 07:42:35 info: [0mGET /api-docs/ [36m304[0m 1.120 ms - -[0m
2024-07-10 07:42:35 info: [0mGET /api-docs/swagger-ui-init.js [36m304[0m 0.990 ms - -[0m
2024-07-10 07:42:35 info: [0mGET /api-docs/swagger-ui.css [36m304[0m 5.940 ms - -[0m
2024-07-10 07:42:35 info: [0mGET /api-docs/swagger-ui-bundle.js [36m304[0m 6.616 ms - -[0m
2024-07-10 07:42:35 info: [0mGET /api-docs/swagger-ui-standalone-preset.js [36m304[0m 6.828 ms - -[0m
2024-07-10 07:42:35 info: [0mGET /api-docs/swagger-ui.css.map [36m304[0m 1.418 ms - -[0m
2024-07-10 07:42:36 info: [0mGET /api-docs/favicon-32x32.png [36m304[0m 1.026 ms - -[0m
2024-07-10 07:42:36 info: [0mGET /api-docs/ [36m304[0m 0.915 ms - -[0m
2024-07-10 07:42:39 info: [0mGET /api-docs/ [36m304[0m 1.609 ms - -[0m
2024-07-10 07:42:39 info: [0mGET /api-docs/swagger-ui.css [36m304[0m 2.558 ms - -[0m
2024-07-10 07:42:39 info: [0mGET /api-docs/swagger-ui-bundle.js [36m304[0m 3.874 ms - -[0m
2024-07-10 07:42:39 info: [0mGET /api-docs/swagger-ui-init.js [36m304[0m 4.150 ms - -[0m
2024-07-10 07:42:39 info: [0mGET /api-docs/swagger-ui-standalone-preset.js [36m304[0m 7.583 ms - -[0m
2024-07-10 07:42:39 info: [0mGET /api-docs/swagger-ui.css.map [36m304[0m 0.847 ms - -[0m
2024-07-10 07:42:40 info: [0mGET /api-docs/favicon-32x32.png [36m304[0m 1.298 ms - -[0m
2024-07-10 07:42:40 info: [0mGET /api-docs/ [36m304[0m 0.805 ms - -[0m
2024-07-10 07:42:43 info: [0mGET /api-docs/favicon-32x32.png [36m304[0m 0.681 ms - -[0m
2024-07-10 07:43:49 info: [0mPOST /metadata [32m201[0m 2488.005 ms - 110[0m
2024-07-10 07:49:24 info: [0mPOST /metadata [32m201[0m 2189.017 ms - 110[0m
2024-07-10 07:52:36 info: [0mPOST /metadata [32m201[0m 481.032 ms - 113[0m
2024-07-10 07:53:06 info: [0mPOST /metadata [32m201[0m 483.369 ms - 115[0m
2024-07-10 07:54:10 info: [0mPOST /metadata [32m201[0m 462.090 ms - 115[0m
2024-07-10 07:54:33 info: [0mPOST /metadata [32m201[0m 469.241 ms - 118[0m
2024-07-10 07:54:52 info: [0mPOST /metadata [32m201[0m 459.942 ms - 109[0m
2024-07-10 07:56:26 info: [0mPOST /metadata [32m201[0m 461.942 ms - 110[0m
2024-07-10 07:56:59 info: [0mPOST /metadata [32m201[0m 490.766 ms - 112[0m
2024-07-10 07:57:44 info: [0mPOST /metadata [32m201[0m 462.382 ms - 108[0m
2024-07-10 07:58:07 info: [0mPOST /metadata [32m201[0m 468.255 ms - 110[0m
2024-07-10 09:28:42 info: =================================
2024-07-10 09:28:42 info: ======= ENV: development =======
2024-07-10 09:28:42 info: 🚀 App listening on the port 5000
2024-07-10 09:28:42 info: =================================
2024-07-10 09:28:44 info: =================================
2024-07-10 09:28:44 info: ======= ENV: development =======
2024-07-10 09:28:44 info: 🚀 App listening on the port 5000
2024-07-10 09:28:44 info: =================================
2024-07-10 09:28:45 info: =================================
2024-07-10 09:28:45 info: ======= ENV: development =======
2024-07-10 09:28:45 info: 🚀 App listening on the port 5000
2024-07-10 09:28:45 info: =================================
2024-07-10 09:28:50 info: =================================
2024-07-10 09:28:50 info: ======= ENV: development =======
2024-07-10 09:28:50 info: 🚀 App listening on the port 5000
2024-07-10 09:28:50 info: =================================
2024-07-10 09:29:49 info: =================================
2024-07-10 09:29:49 info: ======= ENV: development =======
2024-07-10 09:29:49 info: 🚀 App listening on the port 5000
2024-07-10 09:29:49 info: =================================
2024-07-10 09:29:54 info: =================================
2024-07-10 09:29:54 info: ======= ENV: development =======
2024-07-10 09:29:54 info: 🚀 App listening on the port 5000
2024-07-10 09:29:54 info: =================================
2024-07-10 09:36:25 info: [0mGET /api [33m404[0m 8.231 ms - 142[0m
2024-07-10 09:36:25 info: [0mGET /api [33m404[0m 2.213 ms - 142[0m
2024-07-10 09:36:31 info: [0mGET /api-docs/ [36m304[0m 5.368 ms - -[0m
2024-07-10 09:36:31 info: [0mGET /api-docs/swagger-ui-init.js [36m304[0m 1.181 ms - -[0m
2024-07-10 09:36:31 info: [0mGET /api-docs/swagger-ui.css [36m304[0m 9.708 ms - -[0m
2024-07-10 09:36:31 info: [0mGET /api-docs/swagger-ui-bundle.js [36m304[0m 10.338 ms - -[0m
2024-07-10 09:36:31 info: [0mGET /api-docs/swagger-ui-standalone-preset.js [36m304[0m 11.101 ms - -[0m
2024-07-10 09:36:31 info: [0mGET /api-docs/favicon-32x32.png [36m304[0m 1.030 ms - -[0m
2024-07-10 09:36:31 info: [0mGET /api-docs/ [36m304[0m 1.810 ms - -[0m
2024-07-10 09:36:37 info: [0mGET /api-docs/ [36m304[0m 1.119 ms - -[0m
2024-07-10 09:36:37 info: [0mGET /api-docs/swagger-ui-init.js [36m304[0m 3.265 ms - -[0m
2024-07-10 09:36:37 info: [0mGET /api-docs/swagger-ui.css [36m304[0m 10.788 ms - -[0m
2024-07-10 09:36:37 info: [0mGET /api-docs/swagger-ui-bundle.js [36m304[0m 11.327 ms - -[0m
2024-07-10 09:36:37 info: [0mGET /api-docs/swagger-ui-standalone-preset.js [36m304[0m 12.061 ms - -[0m
2024-07-10 09:36:37 info: [0mGET /api-docs/favicon-32x32.png [36m304[0m 0.804 ms - -[0m
2024-07-10 09:36:37 info: [0mGET /api-docs/ [36m304[0m 5.150 ms - -[0m
2024-07-10 09:36:44 info: [0mGET /api-docs/favicon-32x32.png [36m304[0m 0.704 ms - -[0m
2024-07-10 09:36:47 info: [0mGET /test [33m404[0m 0.520 ms - 143[0m
2024-07-10 09:36:56 info: [0mGET /api-docs/favicon-32x32.png [36m304[0m 1.593 ms - -[0m
2024-07-10 10:05:20 info: =================================
2024-07-10 10:05:20 info: ======= ENV: development =======
2024-07-10 10:05:20 info: 🚀 App listening on the port 5000
2024-07-10 10:05:20 info: =================================
2024-07-10 10:05:34 info: =================================
2024-07-10 10:05:34 info: ======= ENV: development =======
2024-07-10 10:05:34 info: 🚀 App listening on the port 5000
2024-07-10 10:05:34 info: =================================
2024-07-10 10:41:53 info: =================================
2024-07-10 10:41:53 info: ======= ENV: development =======
2024-07-10 10:41:53 info: 🚀 App listening on the port 5000
2024-07-10 10:41:53 info: =================================
2024-07-10 10:42:07 info: =================================
2024-07-10 10:42:07 info: ======= ENV: development =======
2024-07-10 10:42:07 info: 🚀 App listening on the port 5000
2024-07-10 10:42:07 info: =================================
2024-07-10 10:42:26 info: =================================
2024-07-10 10:42:26 info: ======= ENV: development =======
2024-07-10 10:42:26 info: 🚀 App listening on the port 5000
2024-07-10 10:42:26 info: =================================
2024-07-10 10:43:42 info: =================================
2024-07-10 10:43:42 info: ======= ENV: development =======
2024-07-10 10:43:42 info: 🚀 App listening on the port 5000
2024-07-10 10:43:42 info: =================================
2024-07-10 10:43:50 info: =================================
2024-07-10 10:43:50 info: ======= ENV: development =======
2024-07-10 10:43:50 info: 🚀 App listening on the port 5000
2024-07-10 10:43:50 info: =================================
2024-07-10 10:43:59 info: [0mGET /api-docs/ [36m304[0m 7.906 ms - -[0m
2024-07-10 10:43:59 info: [0mGET /api-docs/swagger-ui-init.js [32m200[0m 1.802 ms - -[0m
2024-07-10 10:43:59 info: [0mGET /api-docs/swagger-ui.css [32m200[0m 11.665 ms - -[0m
2024-07-10 10:43:59 info: [0mGET /api-docs/swagger-ui-standalone-preset.js [32m200[0m 8.363 ms - -[0m
2024-07-10 10:43:59 info: [0mGET /api-docs/swagger-ui-bundle.js [32m200[0m 11.650 ms - -[0m
2024-07-10 10:43:59 info: [0mGET /api-docs/favicon-32x32.png [32m200[0m 1.911 ms - 628[0m
2024-07-10 10:43:59 info: [0mGET /api-docs/ [36m304[0m 0.724 ms - -[0m
2024-07-10 10:44:03 info: [0mGET /api-docs/favicon-32x32.png [36m304[0m 1.140 ms - -[0m
2024-07-10 10:45:43 info: =================================
2024-07-10 10:45:43 info: ======= ENV: development =======
2024-07-10 10:45:43 info: 🚀 App listening on the port 5000
2024-07-10 10:45:43 info: =================================
2024-07-10 10:45:49 info: =================================
2024-07-10 10:45:49 info: ======= ENV: development =======
2024-07-10 10:45:49 info: 🚀 App listening on the port 5000
2024-07-10 10:45:49 info: =================================
2024-07-10 10:45:54 info: =================================
2024-07-10 10:45:54 info: ======= ENV: development =======
2024-07-10 10:45:54 info: 🚀 App listening on the port 5000
2024-07-10 10:45:54 info: =================================
2024-07-10 10:50:54 info: =================================
2024-07-10 10:50:54 info: ======= ENV: development =======
2024-07-10 10:50:54 info: 🚀 App listening on the port 5000
2024-07-10 10:50:54 info: =================================
2024-07-10 10:51:01 info: [0mGET /api-docs/ [36m304[0m 5.288 ms - -[0m
2024-07-10 10:51:01 info: [0mGET /api-docs/swagger-ui.css [36m304[0m 7.261 ms - -[0m
2024-07-10 10:51:01 info: [0mGET /api-docs/swagger-ui-bundle.js [36m304[0m 5.945 ms - -[0m
2024-07-10 10:51:01 info: [0mGET /api-docs/swagger-ui-standalone-preset.js [36m304[0m 6.874 ms - -[0m
2024-07-10 10:51:01 info: [0mGET /api-docs/swagger-ui-init.js [32m200[0m 2.549 ms - -[0m
2024-07-10 10:51:01 info: [0mGET /api-docs/favicon-32x32.png [36m304[0m 1.521 ms - -[0m
2024-07-10 10:51:01 info: [0mGET /api-docs/ [36m304[0m 0.915 ms - -[0m
2024-07-10 10:52:02 info: =================================
2024-07-10 10:52:02 info: ======= ENV: development =======
2024-07-10 10:52:02 info: 🚀 App listening on the port 5000
2024-07-10 10:52:02 info: =================================
2024-07-10 10:52:08 info: [0mGET /api-docs/ [36m304[0m 9.681 ms - -[0m
2024-07-10 10:52:08 info: [0mGET /api-docs/swagger-ui.css [36m304[0m 5.612 ms - -[0m
2024-07-10 10:52:08 info: [0mGET /api-docs/swagger-ui-bundle.js [36m304[0m 4.065 ms - -[0m
2024-07-10 10:52:08 info: [0mGET /api-docs/swagger-ui-standalone-preset.js [36m304[0m 4.421 ms - -[0m
2024-07-10 10:52:08 info: [0mGET /api-docs/swagger-ui-init.js [36m304[0m 0.668 ms - -[0m
2024-07-10 10:52:08 info: [0mGET /api-docs/favicon-32x32.png [36m304[0m 0.687 ms - -[0m
2024-07-10 10:52:08 info: [0mGET /api-docs/ [36m304[0m 0.785 ms - -[0m
2024-07-10 10:52:12 info: [0mGET /api-docs/favicon-32x32.png [36m304[0m 1.047 ms - -[0m
2024-07-10 10:53:28 info: [0mPOST /quickcode [31m500[0m 1952.049 ms - 24[0m
2024-07-10 10:55:09 info: =================================
2024-07-10 10:55:09 info: ======= ENV: development =======
2024-07-10 10:55:09 info: 🚀 App listening on the port 5000
2024-07-10 10:55:09 info: =================================
2024-07-10 10:55:23 info: [0mPOST /quickcode [33m400[0m 2417.599 ms - 35[0m
2024-07-10 11:00:50 info: =================================
2024-07-10 11:00:50 info: ======= ENV: development =======
2024-07-10 11:00:50 info: 🚀 App listening on the port 5000
2024-07-10 11:00:50 info: =================================
2024-07-10 11:01:04 info: =================================
2024-07-10 11:01:04 info: ======= ENV: development =======
2024-07-10 11:01:04 info: 🚀 App listening on the port 5000
2024-07-10 11:01:04 info: =================================
2024-07-10 11:01:12 info: =================================
2024-07-10 11:01:12 info: ======= ENV: development =======
2024-07-10 11:01:12 info: 🚀 App listening on the port 5000
2024-07-10 11:01:12 info: =================================
2024-07-10 11:01:21 info: [0mPOST /quickcode [33m400[0m 2399.811 ms - 35[0m
2024-07-10 11:04:10 info: =================================
2024-07-10 11:04:10 info: ======= ENV: development =======
2024-07-10 11:04:10 info: 🚀 App listening on the port 5000
2024-07-10 11:04:10 info: =================================
2024-07-10 11:04:29 info: [0mPOST /quickcode [31m500[0m 2927.083 ms - 24[0m
2024-07-10 11:08:25 info: =================================
2024-07-10 11:08:25 info: ======= ENV: development =======
2024-07-10 11:08:25 info: 🚀 App listening on the port 5000
2024-07-10 11:08:25 info: =================================
2024-07-10 11:08:28 info: =================================
2024-07-10 11:08:28 info: ======= ENV: development =======
2024-07-10 11:08:28 info: 🚀 App listening on the port 5000
2024-07-10 11:08:28 info: =================================
2024-07-10 11:08:51 info: [0mPOST /quickcode [33m400[0m 12.001 ms - 48[0m
2024-07-10 11:08:52 info: [0mPOST /quickcode [33m400[0m 1.185 ms - 48[0m
2024-07-10 11:08:56 info: [0mGET /api-docs/ [36m304[0m 4.423 ms - -[0m
2024-07-10 11:08:56 info: [0mGET /api-docs/swagger-ui.css [36m304[0m 2.448 ms - -[0m
2024-07-10 11:08:56 info: [0mGET /api-docs/swagger-ui-init.js [36m304[0m 1.095 ms - -[0m
2024-07-10 11:08:56 info: [0mGET /api-docs/swagger-ui-bundle.js [36m304[0m 5.328 ms - -[0m
2024-07-10 11:08:56 info: [0mGET /api-docs/swagger-ui-standalone-preset.js [36m304[0m 4.426 ms - -[0m
2024-07-10 11:08:56 info: [0mGET /api-docs/favicon-32x32.png [36m304[0m 1.988 ms - -[0m
2024-07-10 11:08:56 info: [0mGET /api-docs/ [36m304[0m 0.916 ms - -[0m
2024-07-10 11:09:03 info: [0mPOST /quickcode [33m400[0m 1.343 ms - 48[0m
2024-07-10 11:09:05 info: [0mPOST /quickcode [33m400[0m 1.011 ms - 48[0m
2024-07-10 11:09:14 info: =================================
2024-07-10 11:09:14 info: ======= ENV: development =======
2024-07-10 11:09:14 info: 🚀 App listening on the port 5000
2024-07-10 11:09:14 info: =================================
2024-07-10 11:09:20 info: =================================
2024-07-10 11:09:20 info: ======= ENV: development =======
2024-07-10 11:09:20 info: 🚀 App listening on the port 5000
2024-07-10 11:09:20 info: =================================
2024-07-10 11:09:28 info: [0mGET /api-docs/ [36m304[0m 5.141 ms - -[0m
2024-07-10 11:09:28 info: [0mGET /api-docs/swagger-ui.css [36m304[0m 2.381 ms - -[0m
2024-07-10 11:09:28 info: [0mGET /api-docs/swagger-ui-init.js [36m304[0m 0.595 ms - -[0m
2024-07-10 11:09:28 info: [0mGET /api-docs/swagger-ui-standalone-preset.js [36m304[0m 2.435 ms - -[0m
2024-07-10 11:09:28 info: [0mGET /api-docs/swagger-ui-bundle.js [36m304[0m 4.469 ms - -[0m
2024-07-10 11:09:28 info: [0mGET /api-docs/favicon-32x32.png [36m304[0m 0.803 ms - -[0m
2024-07-10 11:09:28 info: [0mGET /api-docs/ [36m304[0m 2.301 ms - -[0m
2024-07-10 11:09:36 info: [0mGET /api-docs/favicon-32x32.png [36m304[0m 0.728 ms - -[0m
2024-07-10 11:09:40 info: [0mGET /api-docs/favicon-32x32.png [36m304[0m 0.893 ms - -[0m
2024-07-10 11:09:41 info: [0mGET /api-docs/favicon-32x32.png [36m304[0m 1.092 ms - -[0m
2024-07-10 11:34:09 info: =================================
2024-07-10 11:34:09 info: ======= ENV: development =======
2024-07-10 11:34:09 info: 🚀 App listening on the port 5000
2024-07-10 11:34:09 info: =================================
2024-07-10 11:37:06 info: [0mGET /api-docs/ [36m304[0m 5.690 ms - -[0m
2024-07-10 11:37:06 info: [0mGET /api-docs/swagger-ui.css [36m304[0m 3.821 ms - -[0m
2024-07-10 11:37:06 info: [0mGET /api-docs/swagger-ui-init.js [36m304[0m 0.833 ms - -[0m
2024-07-10 11:37:06 info: [0mGET /api-docs/swagger-ui-bundle.js [36m304[0m 5.767 ms - -[0m
2024-07-10 11:37:06 info: [0mGET /api-docs/swagger-ui-standalone-preset.js [36m304[0m 4.791 ms - -[0m
2024-07-10 11:37:07 info: [0mGET /api-docs/favicon-32x32.png [36m304[0m 0.897 ms - -[0m
2024-07-10 11:37:07 info: [0mGET /api-docs/ [36m304[0m 0.887 ms - -[0m
2024-07-10 11:37:09 info: [0mGET /api-docs/favicon-32x32.png [36m304[0m 0.854 ms - -[0m
2024-07-10 11:37:23 info: [0mPOST /quickcode [33m400[0m 17.833 ms - 48[0m
2024-07-10 11:37:27 info: [0mPOST /quickcode [33m400[0m 0.976 ms - 48[0m
2024-07-10 11:39:39 info: [0mPOST /quickcode [33m400[0m 0.777 ms - 48[0m
2024-07-10 12:03:48 info: =================================
2024-07-10 12:03:48 info: ======= ENV: development =======
2024-07-10 12:03:48 info: 🚀 App listening on the port 5000
2024-07-10 12:03:48 info: =================================
2024-07-10 12:05:29 info: =================================
2024-07-10 12:05:29 info: ======= ENV: development =======
2024-07-10 12:05:29 info: 🚀 App listening on the port 5000
2024-07-10 12:05:29 info: =================================
2024-07-10 12:08:44 info: =================================
2024-07-10 12:08:44 info: ======= ENV: development =======
2024-07-10 12:08:44 info: 🚀 App listening on the port 5000
2024-07-10 12:08:44 info: =================================
2024-07-10 12:09:00 info: [0mGET /api-docs/ [36m304[0m 9.931 ms - -[0m
2024-07-10 12:09:00 info: [0mGET /api-docs/swagger-ui.css [36m304[0m 4.755 ms - -[0m
2024-07-10 12:09:00 info: [0mGET /api-docs/swagger-ui-bundle.js [36m304[0m 3.988 ms - -[0m
2024-07-10 12:09:00 info: [0mGET /api-docs/swagger-ui-standalone-preset.js [36m304[0m 4.707 ms - -[0m
2024-07-10 12:09:00 info: [0mGET /api-docs/swagger-ui-init.js [36m304[0m 0.776 ms - -[0m
2024-07-10 12:09:00 info: [0mGET /api-docs/favicon-32x32.png [36m304[0m 0.710 ms - -[0m
2024-07-10 12:09:00 info: [0mGET /api-docs/ [36m304[0m 0.927 ms - -[0m
2024-07-10 12:09:07 info: [0mGET /api-docs/favicon-32x32.png [36m304[0m 0.775 ms - -[0m
2024-07-10 12:09:20 info: [0mPOST /quickcode [31m500[0m 3069.054 ms - 24[0m
2024-07-10 12:10:36 info: =================================
2024-07-10 12:10:36 info: ======= ENV: development =======
2024-07-10 12:10:36 info: 🚀 App listening on the port 5000
2024-07-10 12:10:36 info: =================================
2024-07-10 12:11:17 info: [0mPOST /quickcode [33m400[0m 13.038 ms - 43[0m
2024-07-10 12:17:25 info: =================================
2024-07-10 12:17:25 info: ======= ENV: development =======
2024-07-10 12:17:25 info: 🚀 App listening on the port 5000
2024-07-10 12:17:25 info: =================================
2024-07-10 12:19:03 info: =================================
2024-07-10 12:19:03 info: ======= ENV: development =======
2024-07-10 12:19:03 info: 🚀 App listening on the port 5000
2024-07-10 12:19:03 info: =================================
2024-07-10 12:19:28 info: [0mGET /api-docs/ [36m304[0m 11.656 ms - -[0m
2024-07-10 12:19:28 info: [0mGET /api-docs/swagger-ui-init.js [36m304[0m 0.697 ms - -[0m
2024-07-10 12:19:28 info: [0mGET /api-docs/swagger-ui.css [36m304[0m 13.015 ms - -[0m
2024-07-10 12:19:28 info: [0mGET /api-docs/swagger-ui-bundle.js [36m304[0m 11.030 ms - -[0m
2024-07-10 12:19:28 info: [0mGET /api-docs/swagger-ui-standalone-preset.js [36m304[0m 10.775 ms - -[0m
2024-07-10 12:19:28 info: [0mGET /api-docs/favicon-32x32.png [36m304[0m 1.387 ms - -[0m
2024-07-10 12:19:28 info: [0mGET /api-docs/ [36m304[0m 2.358 ms - -[0m
2024-07-10 12:19:33 info: [0mPOST /quickcode [33m400[0m 33.310 ms - 43[0m
2024-07-10 12:21:25 info: =================================
2024-07-10 12:21:25 info: ======= ENV: development =======
2024-07-10 12:21:25 info: 🚀 App listening on the port 5000
2024-07-10 12:21:25 info: =================================
2024-07-10 12:21:36 info: [0mGET /api-docs/ [36m304[0m 6.553 ms - -[0m
2024-07-10 12:21:36 info: [0mGET /api-docs/swagger-ui-init.js [36m304[0m 0.789 ms - -[0m
2024-07-10 12:21:36 info: [0mGET /api-docs/swagger-ui.css [36m304[0m 5.717 ms - -[0m
2024-07-10 12:21:36 info: [0mGET /api-docs/swagger-ui-bundle.js [36m304[0m 6.014 ms - -[0m
2024-07-10 12:21:36 info: [0mGET /api-docs/swagger-ui-standalone-preset.js [36m304[0m 8.998 ms - -[0m
2024-07-10 12:21:36 info: [0mGET /api-docs/favicon-32x32.png [36m304[0m 0.800 ms - -[0m
2024-07-10 12:21:36 info: [0mGET /api-docs/ [36m304[0m 1.418 ms - -[0m
2024-07-10 12:21:42 info: [0mPOST /quickcode [33m400[0m 29.600 ms - 73[0m
2024-07-10 12:44:47 info: =================================
2024-07-10 12:44:47 info: ======= ENV: development =======
2024-07-10 12:44:47 info: 🚀 App listening on the port 5000
2024-07-10 12:44:47 info: =================================
2024-07-10 12:45:08 info: [0mGET /api-docs/ [36m304[0m 14.178 ms - -[0m
2024-07-10 12:45:09 info: [0mGET /api-docs/swagger-ui.css [36m304[0m 7.076 ms - -[0m
2024-07-10 12:45:09 info: [0mGET /api-docs/swagger-ui-standalone-preset.js [36m304[0m 7.165 ms - -[0m
2024-07-10 12:45:09 info: [0mGET /api-docs/swagger-ui-bundle.js [36m304[0m 8.343 ms - -[0m
2024-07-10 12:45:09 info: [0mGET /api-docs/swagger-ui-init.js [36m304[0m 0.475 ms - -[0m
2024-07-10 12:45:09 info: [0mGET /api-docs/favicon-32x32.png [36m304[0m 1.058 ms - -[0m
2024-07-10 12:45:09 info: [0mGET /api-docs/ [36m304[0m 1.464 ms - -[0m
2024-07-10 12:45:13 info: [0mGET /api-docs/favicon-32x32.png [36m304[0m 1.537 ms - -[0m
2024-07-10 12:45:37 info: [0mPOST /quickcode [33m400[0m 31.695 ms - 73[0m
2024-07-10 12:45:54 info: =================================
2024-07-10 12:45:54 info: ======= ENV: development =======
2024-07-10 12:45:54 info: 🚀 App listening on the port 5000
2024-07-10 12:45:54 info: =================================
2024-07-10 12:46:05 info: [0mPOST /quickcode [32m201[0m 3071.489 ms - 245[0m
2024-07-10 13:33:32 info: =================================
2024-07-10 13:33:32 info: ======= ENV: development =======
2024-07-10 13:33:32 info: 🚀 App listening on the port 5000
2024-07-10 13:33:32 info: =================================
2024-07-10 13:34:01 info: [0mPOST /quickcode [31m500[0m 56.954 ms - 24[0m
2024-07-10 13:34:08 info: [0mGET /api-docs/ [36m304[0m 7.094 ms - -[0m
2024-07-10 13:34:08 info: [0mGET /api-docs/swagger-ui.css [36m304[0m 2.994 ms - -[0m
2024-07-10 13:34:08 info: [0mGET /api-docs/swagger-ui-init.js [36m304[0m 1.220 ms - -[0m
2024-07-10 13:34:08 info: [0mGET /api-docs/swagger-ui-standalone-preset.js [36m304[0m 4.160 ms - -[0m
2024-07-10 13:34:08 info: [0mGET /api-docs/swagger-ui-bundle.js [36m304[0m 4.458 ms - -[0m
2024-07-10 13:34:08 info: [0mGET /api-docs/favicon-32x32.png [36m304[0m 1.529 ms - -[0m
2024-07-10 13:34:08 info: [0mGET /api-docs/ [36m304[0m 1.090 ms - -[0m
2024-07-10 13:34:19 info: [0mPOST /quickcode [31m500[0m 17.876 ms - 24[0m
2024-07-10 13:34:58 info: =================================
2024-07-10 13:34:58 info: ======= ENV: development =======
2024-07-10 13:34:58 info: 🚀 App listening on the port 5000
2024-07-10 13:34:58 info: =================================
2024-07-10 13:35:07 info: =================================
2024-07-10 13:35:07 info: ======= ENV: development =======
2024-07-10 13:35:07 info: 🚀 App listening on the port 5000
2024-07-10 13:35:07 info: =================================
2024-07-10 13:35:37 info: [0mPOST /quickcode [32m201[0m 2644.398 ms - 245[0m
2024-07-10 13:36:14 info: [0mPOST /quickcode [32m201[0m 707.433 ms - 245[0m
2024-07-10 13:36:27 info: [0mPOST /quickcode [32m201[0m 464.529 ms - 245[0m
2024-07-10 13:36:38 info: [0mPOST /quickcode [32m201[0m 699.365 ms - 247[0m
2024-07-10 13:37:02 info: [0mPOST /quickcode [32m201[0m 873.822 ms - 247[0m
2024-07-10 13:37:12 info: [0mPOST /quickcode [32m201[0m 528.726 ms - 245[0m
2024-07-10 13:37:21 info: [0mPOST /quickcode [32m201[0m 958.265 ms - 245[0m
2024-07-10 13:59:40 info: =================================
2024-07-10 13:59:40 info: ======= ENV: development =======
2024-07-10 13:59:40 info: 🚀 App listening on the port 5000
2024-07-10 13:59:40 info: =================================
2024-07-10 15:16:34 info: =================================
2024-07-10 15:16:34 info: ======= ENV: development =======
2024-07-10 15:16:34 info: 🚀 App listening on the port 5000
2024-07-10 15:16:34 info: =================================
2024-07-10 15:25:12 info: =================================
2024-07-10 15:25:12 info: ======= ENV: development =======
2024-07-10 15:25:12 info: 🚀 App listening on the port 5000
2024-07-10 15:25:12 info: =================================
2024-07-10 15:25:40 info: [0mGET /api-docs [36m301[0m 15.173 ms - 183[0m
2024-07-10 15:25:40 info: [0mGET /api-docs/ [32m200[0m 9.693 ms - -[0m
2024-07-10 15:25:41 info: [0mGET /api-docs/swagger-ui-init.js [32m200[0m 3.682 ms - -[0m
2024-07-10 15:25:41 info: [0mGET /api-docs/swagger-ui.css [32m200[0m 28.443 ms - -[0m
2024-07-10 15:25:41 info: [0mGET /api-docs/swagger-ui-standalone-preset.js [32m200[0m 25.360 ms - -[0m
2024-07-10 15:25:41 info: [0mGET /api-docs/swagger-ui-bundle.js [32m200[0m 26.941 ms - -[0m
2024-07-10 15:25:41 info: [0mGET /api-docs/favicon-32x32.png [32m200[0m 2.278 ms - 628[0m
2024-07-10 15:25:57 info: [0mGET /api-docs/getmeta [32m200[0m 3.826 ms - -[0m
2024-07-10 15:25:57 info: [0mGET /api-docs/swagger-ui-init.js [36m304[0m 2.922 ms - -[0m
2024-07-10 15:25:58 info: [0mGET /api-docs/swagger-ui.css [36m304[0m 17.038 ms - -[0m
2024-07-10 15:25:58 info: [0mGET /api-docs/swagger-ui-bundle.js [36m304[0m 16.942 ms - -[0m
2024-07-10 15:25:58 info: [0mGET /api-docs/swagger-ui-standalone-preset.js [36m304[0m 16.075 ms - -[0m
2024-07-10 15:34:58 info: [0mGET /api-docs/getmeta [36m304[0m 2.178 ms - -[0m
2024-07-10 15:34:58 info: [0mGET /api-docs/swagger-ui.css [36m304[0m 2.427 ms - -[0m
2024-07-10 15:34:58 info: [0mGET /api-docs/swagger-ui-init.js [36m304[0m 1.700 ms - -[0m
2024-07-10 15:34:58 info: [0mGET /api-docs/swagger-ui-bundle.js [36m304[0m 13.198 ms - -[0m
2024-07-10 15:34:58 info: [0mGET /api-docs/swagger-ui-standalone-preset.js [36m304[0m 10.672 ms - -[0m
2024-07-10 15:41:19 info: =================================
2024-07-10 15:41:19 info: ======= ENV: development =======
2024-07-10 15:41:19 info: 🚀 App listening on the port 5000
2024-07-10 15:41:19 info: =================================
2024-07-10 15:42:36 info: [0mGET /api-docs/getmeta [36m304[0m 18.218 ms - -[0m
2024-07-10 15:42:36 info: [0mGET /api-docs/swagger-ui.css [36m304[0m 6.393 ms - -[0m
2024-07-10 15:42:36 info: [0mGET /api-docs/swagger-ui-bundle.js [36m304[0m 20.290 ms - -[0m
2024-07-10 15:42:36 info: [0mGET /api-docs/swagger-ui-standalone-preset.js [36m304[0m 16.689 ms - -[0m
2024-07-10 15:42:36 info: [0mGET /api-docs/swagger-ui-init.js [32m200[0m 5.253 ms - -[0m
2024-07-10 15:42:37 info: [0mGET /api-docs/favicon-32x32.png [36m304[0m 1.043 ms - -[0m
2024-07-10 15:43:09 info: [0mGET /api-docs/getmeta [36m304[0m 1.283 ms - -[0m
2024-07-10 15:43:09 info: [0mGET /api-docs/swagger-ui.css [36m304[0m 7.539 ms - -[0m
2024-07-10 15:43:09 info: [0mGET /api-docs/swagger-ui-bundle.js [36m304[0m 8.338 ms - -[0m
2024-07-10 15:43:09 info: [0mGET /api-docs/swagger-ui-standalone-preset.js [36m304[0m 8.372 ms - -[0m
2024-07-10 15:43:09 info: [0mGET /api-docs/swagger-ui-init.js [36m304[0m 9.362 ms - -[0m
2024-07-10 15:43:10 info: [0mGET /api-docs/favicon-32x32.png [36m304[0m 5.061 ms - -[0m
2024-07-10 15:43:13 info: [0mGET /api-docs/getmeta [36m304[0m 1.559 ms - -[0m
2024-07-10 15:43:13 info: [0mGET /api-docs/swagger-ui.css [36m304[0m 2.426 ms - -[0m
2024-07-10 15:43:14 info: [0mGET /api-docs/swagger-ui-init.js [36m304[0m 1.584 ms - -[0m
2024-07-10 15:43:14 info: [0mGET /api-docs/swagger-ui-bundle.js [36m304[0m 7.376 ms - -[0m
2024-07-10 15:43:14 info: [0mGET /api-docs/swagger-ui-standalone-preset.js [36m304[0m 7.315 ms - -[0m
2024-07-10 15:43:14 info: [0mGET /api-docs/favicon-32x32.png [36m304[0m 1.997 ms - -[0m
2024-07-10 15:43:33 info: [0mGET /api-docs/ [36m304[0m 3.323 ms - -[0m
2024-07-10 15:43:33 info: [0mGET /api-docs/swagger-ui-init.js [36m304[0m 1.643 ms - -[0m
2024-07-10 15:43:33 info: [0mGET /api-docs/swagger-ui.css [36m304[0m 14.363 ms - -[0m
2024-07-10 15:43:33 info: [0mGET /api-docs/swagger-ui-bundle.js [36m304[0m 14.378 ms - -[0m
2024-07-10 15:43:33 info: [0mGET /api-docs/swagger-ui-standalone-preset.js [36m304[0m 12.424 ms - -[0m
2024-07-10 15:46:45 info: =================================
2024-07-10 15:46:45 info: ======= ENV: development =======
2024-07-10 15:46:45 info: 🚀 App listening on the port 5000
2024-07-10 15:46:45 info: =================================
2024-07-10 15:47:20 info: [0mGET /api-docs/ [36m304[0m 19.226 ms - -[0m
2024-07-10 15:47:20 info: [0mGET /api-docs/swagger-ui.css [36m304[0m 4.514 ms - -[0m
2024-07-10 15:47:21 info: [0mGET /api-docs/swagger-ui-bundle.js [36m304[0m 12.588 ms - -[0m
2024-07-10 15:47:21 info: [0mGET /api-docs/swagger-ui-standalone-preset.js [36m304[0m 13.229 ms - -[0m
2024-07-10 15:47:21 info: [0mGET /api-docs/swagger-ui-init.js [32m200[0m 5.078 ms - -[0m
2024-07-10 15:47:21 info: [0mGET /api-docs/favicon-32x32.png [36m304[0m 2.883 ms - -[0m
2024-07-10 15:49:26 info: [0mGET /metadata?screen_code=qckcode&meta_code=bldgrp [33m404[0m 5.213 ms - 147[0m
2024-07-10 15:54:16 info: =================================
2024-07-10 15:54:16 info: ======= ENV: development =======
2024-07-10 15:54:16 info: 🚀 App listening on the port 5000
2024-07-10 15:54:16 info: =================================
2024-07-10 15:54:22 info: [0mGET /api-docs/ [36m304[0m 20.724 ms - -[0m
2024-07-10 15:54:22 info: [0mGET /api-docs/swagger-ui.css [36m304[0m 3.724 ms - -[0m
2024-07-10 15:54:22 info: [0mGET /api-docs/swagger-ui-bundle.js [36m304[0m 4.378 ms - -[0m
2024-07-10 15:54:22 info: [0mGET /api-docs/swagger-ui-init.js [36m304[0m 1.782 ms - -[0m
2024-07-10 15:54:22 info: [0mGET /api-docs/swagger-ui-standalone-preset.js [36m304[0m 8.453 ms - -[0m
2024-07-10 15:54:22 info: [0mGET /api-docs/favicon-32x32.png [36m304[0m 2.456 ms - -[0m
2024-07-10 15:54:55 info: [0mGET /api-docs/ [36m304[0m 2.245 ms - -[0m
2024-07-10 15:54:55 info: [0mGET /api-docs/swagger-ui-init.js [36m304[0m 2.252 ms - -[0m
2024-07-10 15:54:55 info: [0mGET /api-docs/swagger-ui.css [36m304[0m 19.857 ms - -[0m
2024-07-10 15:54:55 info: [0mGET /api-docs/swagger-ui-bundle.js [36m304[0m 20.257 ms - -[0m
2024-07-10 15:54:55 info: [0mGET /api-docs/swagger-ui-standalone-preset.js [36m304[0m 19.637 ms - -[0m
2024-07-10 15:54:56 info: [0mGET /api-docs/favicon-32x32.png [36m304[0m 2.077 ms - -[0m
2024-07-10 15:55:27 info: [0mGET /api-docs/getmeta [36m304[0m 2.145 ms - -[0m
2024-07-10 15:55:27 info: [0mGET /api-docs/swagger-ui.css [36m304[0m 4.075 ms - -[0m
2024-07-10 15:55:27 info: [0mGET /api-docs/swagger-ui-init.js [36m304[0m 2.882 ms - -[0m
2024-07-10 15:55:27 info: [0mGET /api-docs/swagger-ui-bundle.js [36m304[0m 10.593 ms - -[0m
2024-07-10 15:55:27 info: [0mGET /api-docs/swagger-ui-standalone-preset.js [36m304[0m 11.818 ms - -[0m
2024-07-10 16:00:06 info: [0mGET /api-docs/getmeta [36m304[0m 3.291 ms - -[0m
2024-07-10 16:00:06 info: [0mGET /api-docs/swagger-ui-init.js [36m304[0m 1.884 ms - -[0m
2024-07-10 16:00:06 info: [0mGET /api-docs/swagger-ui.css [36m304[0m 10.250 ms - -[0m
2024-07-10 16:00:06 info: [0mGET /api-docs/swagger-ui-bundle.js [36m304[0m 9.971 ms - -[0m
2024-07-10 16:00:06 info: [0mGET /api-docs/swagger-ui-standalone-preset.js [36m304[0m 10.420 ms - -[0m
2024-07-10 16:00:07 info: [0mGET /api-docs/favicon-32x32.png [36m304[0m 0.908 ms - -[0m
2024-07-10 16:00:16 info: [0mGET /api-docs/ [36m304[0m 1.940 ms - -[0m
2024-07-10 16:00:16 info: [0mGET /api-docs/swagger-ui.css [36m304[0m 3.757 ms - -[0m
2024-07-10 16:00:16 info: [0mGET /api-docs/swagger-ui-init.js [36m304[0m 1.513 ms - -[0m
2024-07-10 16:00:16 info: [0mGET /api-docs/swagger-ui-bundle.js [36m304[0m 10.607 ms - -[0m
2024-07-10 16:00:16 info: [0mGET /api-docs/swagger-ui-standalone-preset.js [36m304[0m 6.234 ms - -[0m
2024-07-10 16:00:31 info: [0mGET /metadata [33m404[0m 4.000 ms - 147[0m
2024-07-10 16:03:12 info: [0mGET /api-docs/ [36m304[0m 1.815 ms - -[0m
2024-07-10 16:03:12 info: [0mGET /api-docs/swagger-ui.css [36m304[0m 3.097 ms - -[0m
2024-07-10 16:03:12 info: [0mGET /api-docs/swagger-ui-init.js [36m304[0m 1.041 ms - -[0m
2024-07-10 16:03:12 info: [0mGET /api-docs/swagger-ui-bundle.js [36m304[0m 6.631 ms - -[0m
2024-07-10 16:03:12 info: [0mGET /api-docs/swagger-ui-standalone-preset.js [36m304[0m 8.463 ms - -[0m
2024-07-10 16:05:27 info: =================================
2024-07-10 16:05:27 info: ======= ENV: development =======
2024-07-10 16:05:27 info: 🚀 App listening on the port 5000
2024-07-10 16:05:27 info: =================================
2024-07-10 16:05:47 info: [0mGET /api-docs/ [36m304[0m 14.143 ms - -[0m
2024-07-10 16:05:47 info: [0mGET /api-docs/swagger-ui.css [36m304[0m 5.940 ms - -[0m
2024-07-10 16:05:47 info: [0mGET /api-docs/swagger-ui-bundle.js [36m304[0m 23.014 ms - -[0m
2024-07-10 16:05:47 info: [0mGET /api-docs/swagger-ui-standalone-preset.js [36m304[0m 16.291 ms - -[0m
2024-07-10 16:05:47 info: [0mGET /api-docs/swagger-ui-init.js [32m200[0m 6.376 ms - -[0m
2024-07-10 16:05:47 info: [0mGET /api-docs/favicon-32x32.png [36m304[0m 4.736 ms - -[0m
2024-07-10 16:05:53 info: [0mGET /api-docs/ [36m304[0m 3.742 ms - -[0m
2024-07-10 16:05:53 info: [0mGET /api-docs/swagger-ui.css [36m304[0m 6.785 ms - -[0m
2024-07-10 16:05:53 info: [0mGET /api-docs/swagger-ui-bundle.js [36m304[0m 6.388 ms - -[0m
2024-07-10 16:05:53 info: [0mGET /api-docs/swagger-ui-standalone-preset.js [36m304[0m 7.174 ms - -[0m
2024-07-10 16:05:53 info: [0mGET /api-docs/swagger-ui-init.js [36m304[0m 1.659 ms - -[0m
2024-07-10 16:06:01 info: [0mGET /api-docs/ [36m304[0m 5.436 ms - -[0m
2024-07-10 16:06:01 info: [0mGET /api-docs/swagger-ui.css [36m304[0m 5.233 ms - -[0m
2024-07-10 16:06:01 info: [0mGET /api-docs/swagger-ui-bundle.js [36m304[0m 5.066 ms - -[0m
2024-07-10 16:06:01 info: [0mGET /api-docs/swagger-ui-standalone-preset.js [36m304[0m 6.268 ms - -[0m
2024-07-10 16:06:01 info: [0mGET /api-docs/swagger-ui-init.js [36m304[0m 0.806 ms - -[0m
2024-07-10 16:06:22 info: [0mGET /metadata [33m404[0m 3.783 ms - 147[0m
2024-07-10 16:16:01 info: [0mGET /api-docs/ [36m304[0m 2.687 ms - -[0m
2024-07-10 16:16:01 info: [0mGET /api-docs/swagger-ui.css [36m304[0m 3.979 ms - -[0m
2024-07-10 16:16:01 info: [0mGET /api-docs/swagger-ui-bundle.js [36m304[0m 16.829 ms - -[0m
2024-07-10 16:16:01 info: [0mGET /api-docs/swagger-ui-init.js [36m304[0m 0.949 ms - -[0m
2024-07-10 16:16:01 info: [0mGET /api-docs/swagger-ui-standalone-preset.js [36m304[0m 16.017 ms - -[0m
2024-07-10 16:16:02 info: [0mGET /api-docs/favicon-32x32.png [36m304[0m 1.220 ms - -[0m
2024-07-10 16:16:08 info: [0mGET /metadata [33m404[0m 2.683 ms - 147[0m
2024-07-10 16:28:58 info: =================================
2024-07-10 16:28:58 info: ======= ENV: development =======
2024-07-10 16:28:58 info: 🚀 App listening on the port 5000
2024-07-10 16:28:58 info: =================================
2024-07-10 16:29:02 info: [0mGET /api-docs/ [36m304[0m 21.466 ms - -[0m
2024-07-10 16:29:02 info: [0mGET /api-docs/swagger-ui.css [36m304[0m 5.569 ms - -[0m
2024-07-10 16:29:02 info: [0mGET /api-docs/swagger-ui-init.js [36m304[0m 1.772 ms - -[0m
2024-07-10 16:29:02 info: [0mGET /api-docs/swagger-ui-bundle.js [36m304[0m 15.789 ms - -[0m
2024-07-10 16:29:02 info: [0mGET /api-docs/swagger-ui-standalone-preset.js [36m304[0m 17.820 ms - -[0m
2024-07-10 16:29:02 info: [0mGET /api-docs/favicon-32x32.png [36m304[0m 2.180 ms - -[0m
2024-07-10 16:29:13 info: [0mGET /metadata [32m200[0m 2495.255 ms - -[0m
